{
"/Users/carminegiardino/Desktop/sky_test_CG/src/app/catalogue.service.js":{"path":"/Users/carminegiardino/Desktop/sky_test_CG/src/app/catalogue.service.js","s":{"1":1,"2":1,"3":1,"4":1,"5":1,"6":1,"7":5,"8":3,"9":3,"10":2,"11":2,"12":1,"13":1,"14":1},"b":{"1":[3,2],"2":[2,1]},"f":{"1":1,"2":1,"3":1,"4":5},"fnMap":{"1":{"name":"(anonymous_1)","line":2,"loc":{"start":{"line":2,"column":24},"end":{"line":2,"column":36}}},"2":{"name":"CatalogueService","line":3,"loc":{"start":{"line":3,"column":4},"end":{"line":3,"column":32}}},"3":{"name":"(anonymous_3)","line":12,"loc":{"start":{"line":12,"column":46},"end":{"line":12,"column":68}}},"4":{"name":"(anonymous_4)","line":14,"loc":{"start":{"line":14,"column":31},"end":{"line":14,"column":50}}}},"statementMap":{"1":{"start":{"line":2,"column":0},"end":{"line":28,"column":5}},"2":{"start":{"line":3,"column":4},"end":{"line":10,"column":5}},"3":{"start":{"line":5,"column":8},"end":{"line":9,"column":68}},"4":{"start":{"line":12,"column":4},"end":{"line":26,"column":6}},"5":{"start":{"line":13,"column":8},"end":{"line":13,"column":24}},"6":{"start":{"line":14,"column":8},"end":{"line":24,"column":11}},"7":{"start":{"line":15,"column":12},"end":{"line":23,"column":13}},"8":{"start":{"line":16,"column":16},"end":{"line":16,"column":51}},"9":{"start":{"line":17,"column":16},"end":{"line":19,"column":17}},"10":{"start":{"line":18,"column":20},"end":{"line":18,"column":41}},"11":{"start":{"line":22,"column":16},"end":{"line":22,"column":37}},"12":{"start":{"line":25,"column":8},"end":{"line":25,"column":22}},"13":{"start":{"line":27,"column":4},"end":{"line":27,"column":28}},"14":{"start":{"line":29,"column":0},"end":{"line":29,"column":44}}},"branchMap":{"1":{"line":15,"type":"if","locations":[{"start":{"line":15,"column":12},"end":{"line":15,"column":12}},{"start":{"line":15,"column":12},"end":{"line":15,"column":12}}]},"2":{"line":17,"type":"if","locations":[{"start":{"line":17,"column":16},"end":{"line":17,"column":16}},{"start":{"line":17,"column":16},"end":{"line":17,"column":16}}]}},"l":{"2":1,"3":1,"5":1,"12":1,"13":1,"14":1,"15":5,"16":3,"17":3,"18":2,"22":2,"25":1,"27":1,"29":1}},
"/Users/carminegiardino/Desktop/sky_test_CG/src/app/cookie.service.js":{"path":"/Users/carminegiardino/Desktop/sky_test_CG/src/app/cookie.service.js","s":{"1":1,"2":1,"3":1,"4":1,"5":1,"6":1,"7":1,"8":1,"9":1,"10":1,"11":1,"12":0,"13":1,"14":1,"15":0,"16":1,"17":1,"18":1,"19":1,"20":1,"21":1},"b":{"1":[1,0],"2":[0,1],"3":[0,1]},"f":{"1":1,"2":1,"3":1,"4":1},"fnMap":{"1":{"name":"(anonymous_1)","line":2,"loc":{"start":{"line":2,"column":21},"end":{"line":2,"column":33}}},"2":{"name":"CookieService","line":3,"loc":{"start":{"line":3,"column":4},"end":{"line":3,"column":29}}},"3":{"name":"(anonymous_3)","line":6,"loc":{"start":{"line":6,"column":40},"end":{"line":6,"column":56}}},"4":{"name":"(anonymous_4)","line":19,"loc":{"start":{"line":19,"column":40},"end":{"line":19,"column":81}}}},"statementMap":{"1":{"start":{"line":2,"column":0},"end":{"line":27,"column":5}},"2":{"start":{"line":3,"column":4},"end":{"line":4,"column":5}},"3":{"start":{"line":6,"column":4},"end":{"line":18,"column":6}},"4":{"start":{"line":7,"column":8},"end":{"line":7,"column":44}},"5":{"start":{"line":8,"column":8},"end":{"line":8,"column":30}},"6":{"start":{"line":9,"column":8},"end":{"line":9,"column":36}},"7":{"start":{"line":10,"column":8},"end":{"line":10,"column":14}},"8":{"start":{"line":11,"column":8},"end":{"line":16,"column":9}},"9":{"start":{"line":12,"column":12},"end":{"line":12,"column":44}},"10":{"start":{"line":13,"column":12},"end":{"line":15,"column":13}},"11":{"start":{"line":14,"column":16},"end":{"line":14,"column":64}},"12":{"start":{"line":17,"column":8},"end":{"line":17,"column":18}},"13":{"start":{"line":19,"column":4},"end":{"line":25,"column":6}},"14":{"start":{"line":20,"column":8},"end":{"line":20,"column":43}},"15":{"start":{"line":20,"column":31},"end":{"line":20,"column":41}},"16":{"start":{"line":21,"column":8},"end":{"line":21,"column":27}},"17":{"start":{"line":22,"column":8},"end":{"line":22,"column":66}},"18":{"start":{"line":23,"column":8},"end":{"line":23,"column":51}},"19":{"start":{"line":24,"column":8},"end":{"line":24,"column":106}},"20":{"start":{"line":26,"column":4},"end":{"line":26,"column":25}},"21":{"start":{"line":28,"column":0},"end":{"line":28,"column":38}}},"branchMap":{"1":{"line":13,"type":"if","locations":[{"start":{"line":13,"column":12},"end":{"line":13,"column":12}},{"start":{"line":13,"column":12},"end":{"line":13,"column":12}}]},"2":{"line":20,"type":"if","locations":[{"start":{"line":20,"column":8},"end":{"line":20,"column":8}},{"start":{"line":20,"column":8},"end":{"line":20,"column":8}}]},"3":{"line":24,"type":"cond-expr","locations":[{"start":{"line":24,"column":83},"end":{"line":24,"column":99}},{"start":{"line":24,"column":102},"end":{"line":24,"column":104}}]}},"l":{"2":1,"3":1,"6":1,"7":1,"8":1,"9":1,"10":1,"11":1,"12":1,"13":1,"14":1,"17":0,"19":1,"20":1,"21":1,"22":1,"23":1,"24":1,"26":1,"28":1}},
"/Users/carminegiardino/Desktop/sky_test_CG/src/app/customerLocation.service.js":{"path":"/Users/carminegiardino/Desktop/sky_test_CG/src/app/customerLocation.service.js","s":{"1":1,"2":1,"3":1,"4":1,"5":1,"6":1,"7":1,"8":1,"9":1,"10":1,"11":0,"12":1,"13":1,"14":1,"15":1,"16":0,"17":0,"18":1,"19":1},"b":{"1":[1,0],"2":[1,0]},"f":{"1":1,"2":1,"3":1,"4":1,"5":0},"fnMap":{"1":{"name":"(anonymous_1)","line":2,"loc":{"start":{"line":2,"column":23},"end":{"line":2,"column":35}}},"2":{"name":"LocationService","line":3,"loc":{"start":{"line":3,"column":4},"end":{"line":3,"column":31}}},"3":{"name":"(anonymous_3)","line":9,"loc":{"start":{"line":9,"column":44},"end":{"line":9,"column":66}}},"4":{"name":"(anonymous_4)","line":25,"loc":{"start":{"line":25,"column":17},"end":{"line":25,"column":29}}},"5":{"name":"UserError","line":26,"loc":{"start":{"line":26,"column":4},"end":{"line":26,"column":32}}}},"statementMap":{"1":{"start":{"line":2,"column":0},"end":{"line":23,"column":5}},"2":{"start":{"line":3,"column":4},"end":{"line":8,"column":5}},"3":{"start":{"line":5,"column":8},"end":{"line":7,"column":47}},"4":{"start":{"line":9,"column":4},"end":{"line":21,"column":6}},"5":{"start":{"line":10,"column":8},"end":{"line":18,"column":9}},"6":{"start":{"line":11,"column":12},"end":{"line":11,"column":49}},"7":{"start":{"line":12,"column":12},"end":{"line":17,"column":13}},"8":{"start":{"line":13,"column":16},"end":{"line":13,"column":41}},"9":{"start":{"line":14,"column":16},"end":{"line":16,"column":17}},"10":{"start":{"line":15,"column":20},"end":{"line":15,"column":48}},"11":{"start":{"line":20,"column":8},"end":{"line":20,"column":87}},"12":{"start":{"line":22,"column":4},"end":{"line":22,"column":27}},"13":{"start":{"line":24,"column":0},"end":{"line":24,"column":42}},"14":{"start":{"line":25,"column":0},"end":{"line":31,"column":5}},"15":{"start":{"line":26,"column":4},"end":{"line":29,"column":5}},"16":{"start":{"line":27,"column":8},"end":{"line":27,"column":32}},"17":{"start":{"line":28,"column":8},"end":{"line":28,"column":31}},"18":{"start":{"line":30,"column":4},"end":{"line":30,"column":21}},"19":{"start":{"line":32,"column":0},"end":{"line":32,"column":30}}},"branchMap":{"1":{"line":12,"type":"if","locations":[{"start":{"line":12,"column":12},"end":{"line":12,"column":12}},{"start":{"line":12,"column":12},"end":{"line":12,"column":12}}]},"2":{"line":14,"type":"if","locations":[{"start":{"line":14,"column":16},"end":{"line":14,"column":16}},{"start":{"line":14,"column":16},"end":{"line":14,"column":16}}]}},"l":{"2":1,"3":1,"5":1,"9":1,"10":1,"11":1,"12":1,"13":1,"14":1,"15":1,"20":0,"22":1,"24":1,"25":1,"26":1,"27":0,"28":0,"30":1,"32":1}},
"/Users/carminegiardino/Desktop/sky_test_CG/src/app/products.service.js":{"path":"/Users/carminegiardino/Desktop/sky_test_CG/src/app/products.service.js","s":{"1":1,"2":1,"3":1,"4":1,"5":1,"6":5,"7":5,"8":5,"9":2,"10":5,"11":1,"12":1,"13":2,"14":2,"15":1,"16":1,"17":1},"b":{"1":[5,0],"2":[2,3],"3":[2,0]},"f":{"1":1,"2":1,"3":1,"4":5},"fnMap":{"1":{"name":"(anonymous_1)","line":2,"loc":{"start":{"line":2,"column":23},"end":{"line":2,"column":35}}},"2":{"name":"ProductsService","line":3,"loc":{"start":{"line":3,"column":4},"end":{"line":3,"column":31}}},"3":{"name":"(anonymous_3)","line":6,"loc":{"start":{"line":6,"column":44},"end":{"line":6,"column":65}}},"4":{"name":"(anonymous_4)","line":8,"loc":{"start":{"line":8,"column":26},"end":{"line":8,"column":45}}}},"statementMap":{"1":{"start":{"line":2,"column":0},"end":{"line":26,"column":5}},"2":{"start":{"line":3,"column":4},"end":{"line":4,"column":5}},"3":{"start":{"line":6,"column":4},"end":{"line":24,"column":6}},"4":{"start":{"line":7,"column":8},"end":{"line":7,"column":26}},"5":{"start":{"line":8,"column":8},"end":{"line":16,"column":11}},"6":{"start":{"line":9,"column":12},"end":{"line":15,"column":13}},"7":{"start":{"line":10,"column":16},"end":{"line":10,"column":51}},"8":{"start":{"line":11,"column":16},"end":{"line":13,"column":17}},"9":{"start":{"line":12,"column":20},"end":{"line":12,"column":44}},"10":{"start":{"line":14,"column":16},"end":{"line":14,"column":49}},"11":{"start":{"line":17,"column":8},"end":{"line":17,"column":26}},"12":{"start":{"line":18,"column":8},"end":{"line":22,"column":9}},"13":{"start":{"line":19,"column":12},"end":{"line":21,"column":13}},"14":{"start":{"line":20,"column":16},"end":{"line":20,"column":50}},"15":{"start":{"line":23,"column":8},"end":{"line":23,"column":24}},"16":{"start":{"line":25,"column":4},"end":{"line":25,"column":27}},"17":{"start":{"line":27,"column":0},"end":{"line":27,"column":42}}},"branchMap":{"1":{"line":9,"type":"if","locations":[{"start":{"line":9,"column":12},"end":{"line":9,"column":12}},{"start":{"line":9,"column":12},"end":{"line":9,"column":12}}]},"2":{"line":11,"type":"if","locations":[{"start":{"line":11,"column":16},"end":{"line":11,"column":16}},{"start":{"line":11,"column":16},"end":{"line":11,"column":16}}]},"3":{"line":19,"type":"if","locations":[{"start":{"line":19,"column":12},"end":{"line":19,"column":12}},{"start":{"line":19,"column":12},"end":{"line":19,"column":12}}]}},"l":{"2":1,"3":1,"6":1,"7":1,"8":1,"9":5,"10":5,"11":5,"12":2,"14":5,"17":1,"18":1,"19":2,"20":2,"23":1,"25":1,"27":1}}}
